<?xml version="1.0" encoding="UTF-8"?>
<testsuite xmlns:xsi="http://www.w3.org/2001/XMLSchema-instance" xsi:noNamespaceSchemaLocation="https://maven.apache.org/surefire/maven-surefire-plugin/xsd/surefire-test-report.xsd" version="3.0.2" name="fr.univrouen.rss25SB.Rss25SbApplicationTests" time="1.976" tests="1" errors="0" skipped="0" failures="0">
  <properties>
    <property name="java.specification.version" value="21"/>
    <property name="sun.jnu.encoding" value="UTF-8"/>
    <property name="java.class.path" value="/home/mahad/Bureau/rss25SB/target/test-classes:/home/mahad/Bureau/rss25SB/target/classes:/home/mahad/.m2/repository/org/springframework/boot/spring-boot-starter/3.5.0-SNAPSHOT/spring-boot-starter-3.5.0-SNAPSHOT.jar:/home/mahad/.m2/repository/org/springframework/boot/spring-boot/3.5.0-SNAPSHOT/spring-boot-3.5.0-SNAPSHOT.jar:/home/mahad/.m2/repository/org/springframework/spring-context/6.2.6/spring-context-6.2.6.jar:/home/mahad/.m2/repository/org/springframework/spring-aop/6.2.6/spring-aop-6.2.6.jar:/home/mahad/.m2/repository/org/springframework/spring-beans/6.2.6/spring-beans-6.2.6.jar:/home/mahad/.m2/repository/org/springframework/spring-expression/6.2.6/spring-expression-6.2.6.jar:/home/mahad/.m2/repository/io/micrometer/micrometer-observation/1.15.0-RC1/micrometer-observation-1.15.0-RC1.jar:/home/mahad/.m2/repository/io/micrometer/micrometer-commons/1.15.0-RC1/micrometer-commons-1.15.0-RC1.jar:/home/mahad/.m2/repository/org/springframework/boot/spring-boot-autoconfigure/3.5.0-SNAPSHOT/spring-boot-autoconfigure-3.5.0-SNAPSHOT.jar:/home/mahad/.m2/repository/org/springframework/boot/spring-boot-starter-logging/3.5.0-SNAPSHOT/spring-boot-starter-logging-3.5.0-SNAPSHOT.jar:/home/mahad/.m2/repository/ch/qos/logback/logback-classic/1.5.18/logback-classic-1.5.18.jar:/home/mahad/.m2/repository/ch/qos/logback/logback-core/1.5.18/logback-core-1.5.18.jar:/home/mahad/.m2/repository/org/apache/logging/log4j/log4j-to-slf4j/2.24.3/log4j-to-slf4j-2.24.3.jar:/home/mahad/.m2/repository/org/apache/logging/log4j/log4j-api/2.24.3/log4j-api-2.24.3.jar:/home/mahad/.m2/repository/org/slf4j/jul-to-slf4j/2.0.17/jul-to-slf4j-2.0.17.jar:/home/mahad/.m2/repository/jakarta/annotation/jakarta.annotation-api/2.1.1/jakarta.annotation-api-2.1.1.jar:/home/mahad/.m2/repository/org/springframework/spring-core/6.2.6/spring-core-6.2.6.jar:/home/mahad/.m2/repository/org/springframework/spring-jcl/6.2.6/spring-jcl-6.2.6.jar:/home/mahad/.m2/repository/org/yaml/snakeyaml/2.4/snakeyaml-2.4.jar:/home/mahad/.m2/repository/org/springframework/boot/spring-boot-starter-test/3.5.0-SNAPSHOT/spring-boot-starter-test-3.5.0-SNAPSHOT.jar:/home/mahad/.m2/repository/org/springframework/boot/spring-boot-test/3.5.0-SNAPSHOT/spring-boot-test-3.5.0-SNAPSHOT.jar:/home/mahad/.m2/repository/org/springframework/boot/spring-boot-test-autoconfigure/3.5.0-SNAPSHOT/spring-boot-test-autoconfigure-3.5.0-SNAPSHOT.jar:/home/mahad/.m2/repository/com/jayway/jsonpath/json-path/2.9.0/json-path-2.9.0.jar:/home/mahad/.m2/repository/org/slf4j/slf4j-api/2.0.17/slf4j-api-2.0.17.jar:/home/mahad/.m2/repository/jakarta/xml/bind/jakarta.xml.bind-api/4.0.2/jakarta.xml.bind-api-4.0.2.jar:/home/mahad/.m2/repository/jakarta/activation/jakarta.activation-api/2.1.3/jakarta.activation-api-2.1.3.jar:/home/mahad/.m2/repository/net/minidev/json-smart/2.5.2/json-smart-2.5.2.jar:/home/mahad/.m2/repository/net/minidev/accessors-smart/2.5.2/accessors-smart-2.5.2.jar:/home/mahad/.m2/repository/org/ow2/asm/asm/9.7.1/asm-9.7.1.jar:/home/mahad/.m2/repository/org/assertj/assertj-core/3.27.3/assertj-core-3.27.3.jar:/home/mahad/.m2/repository/net/bytebuddy/byte-buddy/1.17.5/byte-buddy-1.17.5.jar:/home/mahad/.m2/repository/org/awaitility/awaitility/4.3.0/awaitility-4.3.0.jar:/home/mahad/.m2/repository/org/hamcrest/hamcrest/3.0/hamcrest-3.0.jar:/home/mahad/.m2/repository/org/junit/jupiter/junit-jupiter/5.12.2/junit-jupiter-5.12.2.jar:/home/mahad/.m2/repository/org/junit/jupiter/junit-jupiter-api/5.12.2/junit-jupiter-api-5.12.2.jar:/home/mahad/.m2/repository/org/opentest4j/opentest4j/1.3.0/opentest4j-1.3.0.jar:/home/mahad/.m2/repository/org/junit/platform/junit-platform-commons/1.12.2/junit-platform-commons-1.12.2.jar:/home/mahad/.m2/repository/org/apiguardian/apiguardian-api/1.1.2/apiguardian-api-1.1.2.jar:/home/mahad/.m2/repository/org/junit/jupiter/junit-jupiter-params/5.12.2/junit-jupiter-params-5.12.2.jar:/home/mahad/.m2/repository/org/junit/jupiter/junit-jupiter-engine/5.12.2/junit-jupiter-engine-5.12.2.jar:/home/mahad/.m2/repository/org/junit/platform/junit-platform-engine/1.12.2/junit-platform-engine-1.12.2.jar:/home/mahad/.m2/repository/org/mockito/mockito-core/5.17.0/mockito-core-5.17.0.jar:/home/mahad/.m2/repository/net/bytebuddy/byte-buddy-agent/1.17.5/byte-buddy-agent-1.17.5.jar:/home/mahad/.m2/repository/org/objenesis/objenesis/3.3/objenesis-3.3.jar:/home/mahad/.m2/repository/org/mockito/mockito-junit-jupiter/5.17.0/mockito-junit-jupiter-5.17.0.jar:/home/mahad/.m2/repository/org/skyscreamer/jsonassert/1.5.3/jsonassert-1.5.3.jar:/home/mahad/.m2/repository/com/vaadin/external/google/android-json/0.0.20131108.vaadin1/android-json-0.0.20131108.vaadin1.jar:/home/mahad/.m2/repository/org/springframework/spring-test/6.2.6/spring-test-6.2.6.jar:/home/mahad/.m2/repository/org/xmlunit/xmlunit-core/2.10.0/xmlunit-core-2.10.0.jar:"/>
    <property name="java.vm.vendor" value="Ubuntu"/>
    <property name="sun.arch.data.model" value="64"/>
    <property name="java.vendor.url" value="https://ubuntu.com/"/>
    <property name="user.timezone" value="Europe/Paris"/>
    <property name="os.name" value="Linux"/>
    <property name="java.vm.specification.version" value="21"/>
    <property name="APPLICATION_NAME" value="rss25SB"/>
    <property name="sun.java.launcher" value="SUN_STANDARD"/>
    <property name="user.country" value="FR"/>
    <property name="sun.boot.library.path" value="/usr/lib/jvm/java-21-openjdk-amd64/lib"/>
    <property name="sun.java.command" value="/home/mahad/Bureau/rss25SB/target/surefire/surefirebooter-20250428140612905_3.jar /home/mahad/Bureau/rss25SB/target/surefire 2025-04-28T14-06-11_308-jvmRun1 surefire-20250428140612905_1tmp surefire_0-20250428140612905_2tmp"/>
    <property name="jdk.debug" value="release"/>
    <property name="surefire.test.class.path" value="/home/mahad/Bureau/rss25SB/target/test-classes:/home/mahad/Bureau/rss25SB/target/classes:/home/mahad/.m2/repository/org/springframework/boot/spring-boot-starter/3.5.0-SNAPSHOT/spring-boot-starter-3.5.0-SNAPSHOT.jar:/home/mahad/.m2/repository/org/springframework/boot/spring-boot/3.5.0-SNAPSHOT/spring-boot-3.5.0-SNAPSHOT.jar:/home/mahad/.m2/repository/org/springframework/spring-context/6.2.6/spring-context-6.2.6.jar:/home/mahad/.m2/repository/org/springframework/spring-aop/6.2.6/spring-aop-6.2.6.jar:/home/mahad/.m2/repository/org/springframework/spring-beans/6.2.6/spring-beans-6.2.6.jar:/home/mahad/.m2/repository/org/springframework/spring-expression/6.2.6/spring-expression-6.2.6.jar:/home/mahad/.m2/repository/io/micrometer/micrometer-observation/1.15.0-RC1/micrometer-observation-1.15.0-RC1.jar:/home/mahad/.m2/repository/io/micrometer/micrometer-commons/1.15.0-RC1/micrometer-commons-1.15.0-RC1.jar:/home/mahad/.m2/repository/org/springframework/boot/spring-boot-autoconfigure/3.5.0-SNAPSHOT/spring-boot-autoconfigure-3.5.0-SNAPSHOT.jar:/home/mahad/.m2/repository/org/springframework/boot/spring-boot-starter-logging/3.5.0-SNAPSHOT/spring-boot-starter-logging-3.5.0-SNAPSHOT.jar:/home/mahad/.m2/repository/ch/qos/logback/logback-classic/1.5.18/logback-classic-1.5.18.jar:/home/mahad/.m2/repository/ch/qos/logback/logback-core/1.5.18/logback-core-1.5.18.jar:/home/mahad/.m2/repository/org/apache/logging/log4j/log4j-to-slf4j/2.24.3/log4j-to-slf4j-2.24.3.jar:/home/mahad/.m2/repository/org/apache/logging/log4j/log4j-api/2.24.3/log4j-api-2.24.3.jar:/home/mahad/.m2/repository/org/slf4j/jul-to-slf4j/2.0.17/jul-to-slf4j-2.0.17.jar:/home/mahad/.m2/repository/jakarta/annotation/jakarta.annotation-api/2.1.1/jakarta.annotation-api-2.1.1.jar:/home/mahad/.m2/repository/org/springframework/spring-core/6.2.6/spring-core-6.2.6.jar:/home/mahad/.m2/repository/org/springframework/spring-jcl/6.2.6/spring-jcl-6.2.6.jar:/home/mahad/.m2/repository/org/yaml/snakeyaml/2.4/snakeyaml-2.4.jar:/home/mahad/.m2/repository/org/springframework/boot/spring-boot-starter-test/3.5.0-SNAPSHOT/spring-boot-starter-test-3.5.0-SNAPSHOT.jar:/home/mahad/.m2/repository/org/springframework/boot/spring-boot-test/3.5.0-SNAPSHOT/spring-boot-test-3.5.0-SNAPSHOT.jar:/home/mahad/.m2/repository/org/springframework/boot/spring-boot-test-autoconfigure/3.5.0-SNAPSHOT/spring-boot-test-autoconfigure-3.5.0-SNAPSHOT.jar:/home/mahad/.m2/repository/com/jayway/jsonpath/json-path/2.9.0/json-path-2.9.0.jar:/home/mahad/.m2/repository/org/slf4j/slf4j-api/2.0.17/slf4j-api-2.0.17.jar:/home/mahad/.m2/repository/jakarta/xml/bind/jakarta.xml.bind-api/4.0.2/jakarta.xml.bind-api-4.0.2.jar:/home/mahad/.m2/repository/jakarta/activation/jakarta.activation-api/2.1.3/jakarta.activation-api-2.1.3.jar:/home/mahad/.m2/repository/net/minidev/json-smart/2.5.2/json-smart-2.5.2.jar:/home/mahad/.m2/repository/net/minidev/accessors-smart/2.5.2/accessors-smart-2.5.2.jar:/home/mahad/.m2/repository/org/ow2/asm/asm/9.7.1/asm-9.7.1.jar:/home/mahad/.m2/repository/org/assertj/assertj-core/3.27.3/assertj-core-3.27.3.jar:/home/mahad/.m2/repository/net/bytebuddy/byte-buddy/1.17.5/byte-buddy-1.17.5.jar:/home/mahad/.m2/repository/org/awaitility/awaitility/4.3.0/awaitility-4.3.0.jar:/home/mahad/.m2/repository/org/hamcrest/hamcrest/3.0/hamcrest-3.0.jar:/home/mahad/.m2/repository/org/junit/jupiter/junit-jupiter/5.12.2/junit-jupiter-5.12.2.jar:/home/mahad/.m2/repository/org/junit/jupiter/junit-jupiter-api/5.12.2/junit-jupiter-api-5.12.2.jar:/home/mahad/.m2/repository/org/opentest4j/opentest4j/1.3.0/opentest4j-1.3.0.jar:/home/mahad/.m2/repository/org/junit/platform/junit-platform-commons/1.12.2/junit-platform-commons-1.12.2.jar:/home/mahad/.m2/repository/org/apiguardian/apiguardian-api/1.1.2/apiguardian-api-1.1.2.jar:/home/mahad/.m2/repository/org/junit/jupiter/junit-jupiter-params/5.12.2/junit-jupiter-params-5.12.2.jar:/home/mahad/.m2/repository/org/junit/jupiter/junit-jupiter-engine/5.12.2/junit-jupiter-engine-5.12.2.jar:/home/mahad/.m2/repository/org/junit/platform/junit-platform-engine/1.12.2/junit-platform-engine-1.12.2.jar:/home/mahad/.m2/repository/org/mockito/mockito-core/5.17.0/mockito-core-5.17.0.jar:/home/mahad/.m2/repository/net/bytebuddy/byte-buddy-agent/1.17.5/byte-buddy-agent-1.17.5.jar:/home/mahad/.m2/repository/org/objenesis/objenesis/3.3/objenesis-3.3.jar:/home/mahad/.m2/repository/org/mockito/mockito-junit-jupiter/5.17.0/mockito-junit-jupiter-5.17.0.jar:/home/mahad/.m2/repository/org/skyscreamer/jsonassert/1.5.3/jsonassert-1.5.3.jar:/home/mahad/.m2/repository/com/vaadin/external/google/android-json/0.0.20131108.vaadin1/android-json-0.0.20131108.vaadin1.jar:/home/mahad/.m2/repository/org/springframework/spring-test/6.2.6/spring-test-6.2.6.jar:/home/mahad/.m2/repository/org/xmlunit/xmlunit-core/2.10.0/xmlunit-core-2.10.0.jar:"/>
    <property name="sun.cpu.endian" value="little"/>
    <property name="user.home" value="/home/mahad"/>
    <property name="user.language" value="fr"/>
    <property name="java.specification.vendor" value="Oracle Corporation"/>
    <property name="java.version.date" value="2025-01-21"/>
    <property name="java.home" value="/usr/lib/jvm/java-21-openjdk-amd64"/>
    <property name="file.separator" value="/"/>
    <property name="basedir" value="/home/mahad/Bureau/rss25SB"/>
    <property name="java.vm.compressedOopsMode" value="Zero based"/>
    <property name="line.separator" value="&#10;"/>
    <property name="java.vm.specification.vendor" value="Oracle Corporation"/>
    <property name="java.specification.name" value="Java Platform API Specification"/>
    <property name="FILE_LOG_CHARSET" value="UTF-8"/>
    <property name="java.awt.headless" value="true"/>
    <property name="surefire.real.class.path" value="/home/mahad/Bureau/rss25SB/target/surefire/surefirebooter-20250428140612905_3.jar"/>
    <property name="sun.management.compiler" value="HotSpot 64-Bit Tiered Compilers"/>
    <property name="java.runtime.version" value="21.0.6+7-Ubuntu-124.04.1"/>
    <property name="user.name" value="mahad"/>
    <property name="stdout.encoding" value="UTF-8"/>
    <property name="path.separator" value=":"/>
    <property name="os.version" value="6.11.0-21-generic"/>
    <property name="java.runtime.name" value="OpenJDK Runtime Environment"/>
    <property name="file.encoding" value="UTF-8"/>
    <property name="java.vm.name" value="OpenJDK 64-Bit Server VM"/>
    <property name="localRepository" value="/home/mahad/.m2/repository"/>
    <property name="java.vendor.url.bug" value="https://bugs.launchpad.net/ubuntu/+source/openjdk-21"/>
    <property name="java.io.tmpdir" value="/tmp"/>
    <property name="java.version" value="21.0.6"/>
    <property name="user.dir" value="/home/mahad/Bureau/rss25SB"/>
    <property name="os.arch" value="amd64"/>
    <property name="java.vm.specification.name" value="Java Virtual Machine Specification"/>
    <property name="PID" value="82485"/>
    <property name="CONSOLE_LOG_CHARSET" value="UTF-8"/>
    <property name="native.encoding" value="UTF-8"/>
    <property name="java.library.path" value="/opt/oracle/instantclient_21_4:/opt/oracle/instantclient_21_4/lib::/usr/java/packages/lib:/usr/lib/x86_64-linux-gnu/jni:/lib/x86_64-linux-gnu:/usr/lib/x86_64-linux-gnu:/usr/lib/jni:/lib:/usr/lib"/>
    <property name="java.vm.info" value="mixed mode, sharing"/>
    <property name="stderr.encoding" value="UTF-8"/>
    <property name="java.vendor" value="Ubuntu"/>
    <property name="java.vm.version" value="21.0.6+7-Ubuntu-124.04.1"/>
    <property name="sun.io.unicode.encoding" value="UnicodeLittle"/>
    <property name="java.class.version" value="65.0"/>
    <property name="LOGGED_APPLICATION_NAME" value="[rss25SB] "/>
  </properties>
  <testcase name="contextLoads" classname="fr.univrouen.rss25SB.Rss25SbApplicationTests" time="0.782">
    <system-out><![CDATA[14:06:13.626 [main] INFO org.springframework.test.context.support.AnnotationConfigContextLoaderUtils -- Could not detect default configuration classes for test class [fr.univrouen.rss25SB.Rss25SbApplicationTests]: Rss25SbApplicationTests does not declare any static, non-private, non-final, nested classes annotated with @Configuration.
14:06:13.730 [main] INFO org.springframework.boot.test.context.SpringBootTestContextBootstrapper -- Found @SpringBootConfiguration fr.univrouen.rss25SB.Rss25SbApplication for test class fr.univrouen.rss25SB.Rss25SbApplicationTests

  .   ____          _            __ _ _
 /\\ / ___'_ __ _ _(_)_ __  __ _ \ \ \ \
( ( )\___ | '_ | '_| | '_ \/ _` | \ \ \ \
 \\/  ___)| |_)| | | | | || (_| |  ) ) ) )
  '  |____| .__|_| |_|_| |_\__, | / / / /
 =========|_|==============|___/=/_/_/_/

 :: Spring Boot ::       (v3.5.0-SNAPSHOT)

2025-04-28T14:06:14.200+02:00  INFO 82485 --- [rss25SB] [           main] f.u.rss25SB.Rss25SbApplicationTests      : Starting Rss25SbApplicationTests using Java 21.0.6 with PID 82485 (started by mahad in /home/mahad/Bureau/rss25SB)
2025-04-28T14:06:14.201+02:00  INFO 82485 --- [rss25SB] [           main] f.u.rss25SB.Rss25SbApplicationTests      : No active profile set, falling back to 1 default profile: "default"
2025-04-28T14:06:14.642+02:00  INFO 82485 --- [rss25SB] [           main] f.u.rss25SB.Rss25SbApplicationTests      : Started Rss25SbApplicationTests in 0.764 seconds (process running for 1.687)
]]></system-out>
    <system-err><![CDATA[Mockito is currently self-attaching to enable the inline-mock-maker. This will no longer work in future releases of the JDK. Please add Mockito as an agent to your build as described in Mockito's documentation: https://javadoc.io/doc/org.mockito/mockito-core/latest/org.mockito/org/mockito/Mockito.html#0.3
WARNING: A Java agent has been loaded dynamically (/home/mahad/.m2/repository/net/bytebuddy/byte-buddy-agent/1.17.5/byte-buddy-agent-1.17.5.jar)
WARNING: If a serviceability tool is in use, please run with -XX:+EnableDynamicAgentLoading to hide this warning
WARNING: If a serviceability tool is not in use, please run with -Djdk.instrument.traceUsage for more information
WARNING: Dynamic loading of agents will be disallowed by default in a future release
]]></system-err>
  </testcase>
</testsuite>